2016/12/15 13:52:14 [error] [exception.CHttpException.404] exception 'CHttpException' with message 'The requested view "Demo 404 page" was not found.' in C:\xampp\htdocs\yii\framework\web\actions\CViewAction.php:112
Stack trace:
#0 C:\xampp\htdocs\yii\framework\web\actions\CViewAction.php(123): CViewAction->resolveView('Demo 404 page')
#1 C:\xampp\htdocs\yii\framework\web\actions\CAction.php(76): CViewAction->run()
#2 C:\xampp\htdocs\yii\framework\web\CController.php(308): CAction->runWithParams(Array)
#3 C:\xampp\htdocs\yii\framework\web\CController.php(286): CController->runAction(Object(CViewAction))
#4 C:\xampp\htdocs\yii\framework\web\CController.php(265): CController->runActionWithFilters(Object(CViewAction), Array)
#5 C:\xampp\htdocs\yii\framework\web\CWebApplication.php(282): CController->run('page')
#6 C:\xampp\htdocs\yii\framework\web\CWebApplication.php(141): CWebApplication->runController('site/page')
#7 C:\xampp\htdocs\yii\framework\base\CApplication.php(185): CWebApplication->processRequest()
#8 C:\xampp\htdocs\testK24\index.php(13): CApplication->run()
#9 {main}
REQUEST_URI=/testK24/index.php?r=site/page&view=Demo+404+page
HTTP_REFERER=http://localhost:8080/testK24/index.php?r=site/page&view=buttons_and_icons
---
2016/12/16 01:55:25 [error] [exception.CHttpException.404] exception 'CHttpException' with message 'The requested view "Demo 404 page" was not found.' in C:\xampp\htdocs\yii\framework\web\actions\CViewAction.php:112
Stack trace:
#0 C:\xampp\htdocs\yii\framework\web\actions\CViewAction.php(123): CViewAction->resolveView('Demo 404 page')
#1 C:\xampp\htdocs\yii\framework\web\actions\CAction.php(76): CViewAction->run()
#2 C:\xampp\htdocs\yii\framework\web\CController.php(308): CAction->runWithParams(Array)
#3 C:\xampp\htdocs\yii\framework\web\CController.php(286): CController->runAction(Object(CViewAction))
#4 C:\xampp\htdocs\yii\framework\web\CController.php(265): CController->runActionWithFilters(Object(CViewAction), Array)
#5 C:\xampp\htdocs\yii\framework\web\CWebApplication.php(282): CController->run('page')
#6 C:\xampp\htdocs\yii\framework\web\CWebApplication.php(141): CWebApplication->runController('site/page')
#7 C:\xampp\htdocs\yii\framework\base\CApplication.php(185): CWebApplication->processRequest()
#8 C:\xampp\htdocs\testK24\index.php(13): CApplication->run()
#9 {main}
REQUEST_URI=/testK24/index.php?r=site/page&view=Demo+404+page
HTTP_REFERER=http://localhost:8080/testK24/index.php?r=site/page&view=buttons_and_icons
---
2016/12/16 02:59:36 [error] [php] htmlspecialchars() expects parameter 1 to be string, array given (C:\xampp\htdocs\yii\framework\web\helpers\CHtml.php:108)
Stack trace:
#0 C:\xampp\htdocs\yii\framework\web\helpers\CHtml.php(163): renderAttributes()
#1 C:\xampp\htdocs\yii\framework\web\helpers\CHtml.php(1450): tag()
#2 C:\xampp\htdocs\yii\framework\web\helpers\CHtml.php(628): inputField()
#3 C:\xampp\htdocs\testK24\themes\new\views\site\pages\forms.php(17): textField()
#4 C:\xampp\htdocs\yii\framework\web\CBaseController.php(126): require()
#5 C:\xampp\htdocs\yii\framework\web\CBaseController.php(95): SiteController->renderInternal()
#6 C:\xampp\htdocs\yii\framework\web\CController.php(869): SiteController->renderFile()
#7 C:\xampp\htdocs\yii\framework\web\CController.php(782): SiteController->renderPartial()
#8 C:\xampp\htdocs\yii\framework\web\actions\CViewAction.php(140): SiteController->render()
#9 C:\xampp\htdocs\yii\framework\web\actions\CAction.php(76): CViewAction->run()
#10 C:\xampp\htdocs\yii\framework\web\CController.php(308): CViewAction->runWithParams()
#11 C:\xampp\htdocs\yii\framework\web\CController.php(286): SiteController->runAction()
#12 C:\xampp\htdocs\yii\framework\web\CController.php(265): SiteController->runActionWithFilters()
#13 C:\xampp\htdocs\yii\framework\web\CWebApplication.php(282): SiteController->run()
#14 C:\xampp\htdocs\yii\framework\web\CWebApplication.php(141): CWebApplication->runController()
#15 C:\xampp\htdocs\yii\framework\base\CApplication.php(185): CWebApplication->processRequest()
#16 C:\xampp\htdocs\testK24\index.php(13): CWebApplication->run()
REQUEST_URI=/testK24/index.php?r=site/page&view=forms
in C:\xampp\htdocs\testK24\themes\new\views\site\pages\forms.php (17)
in C:\xampp\htdocs\testK24\index.php (13)
2016/12/16 02:59:48 [error] [php] htmlspecialchars() expects parameter 1 to be string, array given (C:\xampp\htdocs\yii\framework\web\helpers\CHtml.php:108)
Stack trace:
#0 C:\xampp\htdocs\yii\framework\web\helpers\CHtml.php(163): renderAttributes()
#1 C:\xampp\htdocs\yii\framework\web\helpers\CHtml.php(1450): tag()
#2 C:\xampp\htdocs\yii\framework\web\helpers\CHtml.php(628): inputField()
#3 C:\xampp\htdocs\testK24\themes\new\views\site\pages\forms.php(17): textField()
#4 C:\xampp\htdocs\yii\framework\web\CBaseController.php(126): require()
#5 C:\xampp\htdocs\yii\framework\web\CBaseController.php(95): SiteController->renderInternal()
#6 C:\xampp\htdocs\yii\framework\web\CController.php(869): SiteController->renderFile()
#7 C:\xampp\htdocs\yii\framework\web\CController.php(782): SiteController->renderPartial()
#8 C:\xampp\htdocs\yii\framework\web\actions\CViewAction.php(140): SiteController->render()
#9 C:\xampp\htdocs\yii\framework\web\actions\CAction.php(76): CViewAction->run()
#10 C:\xampp\htdocs\yii\framework\web\CController.php(308): CViewAction->runWithParams()
#11 C:\xampp\htdocs\yii\framework\web\CController.php(286): SiteController->runAction()
#12 C:\xampp\htdocs\yii\framework\web\CController.php(265): SiteController->runActionWithFilters()
#13 C:\xampp\htdocs\yii\framework\web\CWebApplication.php(282): SiteController->run()
#14 C:\xampp\htdocs\yii\framework\web\CWebApplication.php(141): CWebApplication->runController()
#15 C:\xampp\htdocs\yii\framework\base\CApplication.php(185): CWebApplication->processRequest()
#16 C:\xampp\htdocs\testK24\index.php(13): CWebApplication->run()
REQUEST_URI=/testK24/index.php?r=site/page&view=forms
in C:\xampp\htdocs\testK24\themes\new\views\site\pages\forms.php (17)
in C:\xampp\htdocs\testK24\index.php (13)
2016/12/16 03:02:05 [error] [php] htmlspecialchars() expects parameter 1 to be string, array given (C:\xampp\htdocs\yii\framework\web\helpers\CHtml.php:108)
Stack trace:
#0 C:\xampp\htdocs\yii\framework\web\helpers\CHtml.php(163): renderAttributes()
#1 C:\xampp\htdocs\yii\framework\web\helpers\CHtml.php(1450): tag()
#2 C:\xampp\htdocs\yii\framework\web\helpers\CHtml.php(628): inputField()
#3 C:\xampp\htdocs\testK24\themes\new\views\site\pages\forms.php(17): textField()
#4 C:\xampp\htdocs\yii\framework\web\CBaseController.php(126): require()
#5 C:\xampp\htdocs\yii\framework\web\CBaseController.php(95): SiteController->renderInternal()
#6 C:\xampp\htdocs\yii\framework\web\CController.php(869): SiteController->renderFile()
#7 C:\xampp\htdocs\yii\framework\web\CController.php(782): SiteController->renderPartial()
#8 C:\xampp\htdocs\yii\framework\web\actions\CViewAction.php(140): SiteController->render()
#9 C:\xampp\htdocs\yii\framework\web\actions\CAction.php(76): CViewAction->run()
#10 C:\xampp\htdocs\yii\framework\web\CController.php(308): CViewAction->runWithParams()
#11 C:\xampp\htdocs\yii\framework\web\CController.php(286): SiteController->runAction()
#12 C:\xampp\htdocs\yii\framework\web\CController.php(265): SiteController->runActionWithFilters()
#13 C:\xampp\htdocs\yii\framework\web\CWebApplication.php(282): SiteController->run()
#14 C:\xampp\htdocs\yii\framework\web\CWebApplication.php(141): CWebApplication->runController()
#15 C:\xampp\htdocs\yii\framework\base\CApplication.php(185): CWebApplication->processRequest()
#16 C:\xampp\htdocs\testK24\index.php(13): CWebApplication->run()
REQUEST_URI=/testK24/index.php?r=site/page&view=forms
in C:\xampp\htdocs\testK24\themes\new\views\site\pages\forms.php (17)
in C:\xampp\htdocs\testK24\index.php (13)
2016/12/16 04:27:57 [error] [exception.CHttpException.404] exception 'CHttpException' with message 'The requested view "Demo 404 page" was not found.' in C:\xampp\htdocs\yii\framework\web\actions\CViewAction.php:112
Stack trace:
#0 C:\xampp\htdocs\yii\framework\web\actions\CViewAction.php(123): CViewAction->resolveView('Demo 404 page')
#1 C:\xampp\htdocs\yii\framework\web\actions\CAction.php(76): CViewAction->run()
#2 C:\xampp\htdocs\yii\framework\web\CController.php(308): CAction->runWithParams(Array)
#3 C:\xampp\htdocs\yii\framework\web\CController.php(286): CController->runAction(Object(CViewAction))
#4 C:\xampp\htdocs\yii\framework\web\CController.php(265): CController->runActionWithFilters(Object(CViewAction), Array)
#5 C:\xampp\htdocs\yii\framework\web\CWebApplication.php(282): CController->run('page')
#6 C:\xampp\htdocs\yii\framework\web\CWebApplication.php(141): CWebApplication->runController('site/page')
#7 C:\xampp\htdocs\yii\framework\base\CApplication.php(185): CWebApplication->processRequest()
#8 C:\xampp\htdocs\testK24\index.php(13): CApplication->run()
#9 {main}
REQUEST_URI=/testK24/index.php?r=site/page&view=Demo+404+page
HTTP_REFERER=http://localhost:8080/testK24/index.php?r=site/page&view=buttons_and_icons
---
2016/12/16 04:46:32 [error] [exception.CException] exception 'CException' with message 'Property "CWebApplication.themes" is not defined.' in C:\xampp\htdocs\yii\framework\base\CComponent.php:130
Stack trace:
#0 C:\xampp\htdocs\yii\framework\base\CModule.php(105): CComponent->__get('themes')
#1 C:\xampp\htdocs\testK24\themes\new\views\site\index.php(2): CModule->__get('themes')
#2 C:\xampp\htdocs\yii\framework\web\CBaseController.php(126): require('C:\xampp\htdocs...')
#3 C:\xampp\htdocs\yii\framework\web\CBaseController.php(95): CBaseController->renderInternal('C:\xampp\htdocs...', NULL, true)
#4 C:\xampp\htdocs\yii\framework\web\CController.php(869): CBaseController->renderFile('C:\xampp\htdocs...', NULL, true)
#5 C:\xampp\htdocs\yii\framework\web\CController.php(782): CController->renderPartial('index', NULL, true)
#6 C:\xampp\htdocs\testK24\protected\controllers\SiteController.php(32): CController->render('index')
#7 C:\xampp\htdocs\yii\framework\web\actions\CInlineAction.php(49): SiteController->actionIndex()
#8 C:\xampp\htdocs\yii\framework\web\CController.php(308): CInlineAction->runWithParams(Array)
#9 C:\xampp\htdocs\yii\framework\web\CController.php(286): CController->runAction(Object(CInlineAction))
#10 C:\xampp\htdocs\yii\framework\web\CController.php(265): CController->runActionWithFilters(Object(CInlineAction), Array)
#11 C:\xampp\htdocs\yii\framework\web\CWebApplication.php(282): CController->run('index')
#12 C:\xampp\htdocs\yii\framework\web\CWebApplication.php(141): CWebApplication->runController('site/index')
#13 C:\xampp\htdocs\yii\framework\base\CApplication.php(185): CWebApplication->processRequest()
#14 C:\xampp\htdocs\testK24\index.php(13): CApplication->run()
#15 {main}
REQUEST_URI=/testK24/index.php?r=site/index
---
2016/12/16 08:21:40 [error] [exception.CHttpException.404] exception 'CHttpException' with message 'Unable to resolve the request "SiteController/Login".' in C:\xampp\htdocs\yii\framework\web\CWebApplication.php:286
Stack trace:
#0 C:\xampp\htdocs\yii\framework\web\CWebApplication.php(141): CWebApplication->runController('SiteController/...')
#1 C:\xampp\htdocs\yii\framework\base\CApplication.php(185): CWebApplication->processRequest()
#2 C:\xampp\htdocs\testK24\index.php(13): CApplication->run()
#3 {main}
REQUEST_URI=/testK24/Index.php?r=SiteController/Login
HTTP_REFERER=http://localhost:8080/testK24/index.php?r=site/index
---
2016/12/16 08:45:01 [error] [php] Undefined variable: model (C:\xampp\htdocs\testK24\themes\new\views\site\pages\forms.php:19)
Stack trace:
#0 C:\xampp\htdocs\yii\framework\web\CController.php(869): SiteController->renderFile()
#1 C:\xampp\htdocs\yii\framework\web\CController.php(782): SiteController->renderPartial()
#2 C:\xampp\htdocs\yii\framework\web\actions\CViewAction.php(140): SiteController->render()
#3 C:\xampp\htdocs\yii\framework\web\actions\CAction.php(76): CViewAction->run()
#4 C:\xampp\htdocs\yii\framework\web\CController.php(308): CViewAction->runWithParams()
#5 C:\xampp\htdocs\yii\framework\web\CController.php(286): SiteController->runAction()
#6 C:\xampp\htdocs\yii\framework\web\CController.php(265): SiteController->runActionWithFilters()
#7 C:\xampp\htdocs\yii\framework\web\CWebApplication.php(282): SiteController->run()
#8 C:\xampp\htdocs\yii\framework\web\CWebApplication.php(141): CWebApplication->runController()
#9 C:\xampp\htdocs\yii\framework\base\CApplication.php(185): CWebApplication->processRequest()
#10 C:\xampp\htdocs\testK24\index.php(13): CWebApplication->run()
REQUEST_URI=/testK24/index.php?r=site/page&view=forms
in C:\xampp\htdocs\testK24\themes\new\views\site\pages\forms.php (19)
in C:\xampp\htdocs\testK24\index.php (13)
2016/12/16 08:45:05 [error] [php] Undefined variable: model (C:\xampp\htdocs\testK24\themes\new\views\site\pages\forms.php:19)
Stack trace:
#0 C:\xampp\htdocs\yii\framework\web\CController.php(869): SiteController->renderFile()
#1 C:\xampp\htdocs\yii\framework\web\CController.php(782): SiteController->renderPartial()
#2 C:\xampp\htdocs\yii\framework\web\actions\CViewAction.php(140): SiteController->render()
#3 C:\xampp\htdocs\yii\framework\web\actions\CAction.php(76): CViewAction->run()
#4 C:\xampp\htdocs\yii\framework\web\CController.php(308): CViewAction->runWithParams()
#5 C:\xampp\htdocs\yii\framework\web\CController.php(286): SiteController->runAction()
#6 C:\xampp\htdocs\yii\framework\web\CController.php(265): SiteController->runActionWithFilters()
#7 C:\xampp\htdocs\yii\framework\web\CWebApplication.php(282): SiteController->run()
#8 C:\xampp\htdocs\yii\framework\web\CWebApplication.php(141): CWebApplication->runController()
#9 C:\xampp\htdocs\yii\framework\base\CApplication.php(185): CWebApplication->processRequest()
#10 C:\xampp\htdocs\testK24\index.php(13): CWebApplication->run()
REQUEST_URI=/testK24/index.php?r=site/page&view=forms
in C:\xampp\htdocs\testK24\themes\new\views\site\pages\forms.php (19)
in C:\xampp\htdocs\testK24\index.php (13)
2016/12/16 08:45:12 [error] [php] Undefined variable: model (C:\xampp\htdocs\testK24\themes\new\views\site\pages\forms.php:19)
Stack trace:
#0 C:\xampp\htdocs\yii\framework\web\CController.php(869): SiteController->renderFile()
#1 C:\xampp\htdocs\yii\framework\web\CController.php(782): SiteController->renderPartial()
#2 C:\xampp\htdocs\yii\framework\web\actions\CViewAction.php(140): SiteController->render()
#3 C:\xampp\htdocs\yii\framework\web\actions\CAction.php(76): CViewAction->run()
#4 C:\xampp\htdocs\yii\framework\web\CController.php(308): CViewAction->runWithParams()
#5 C:\xampp\htdocs\yii\framework\web\CController.php(286): SiteController->runAction()
#6 C:\xampp\htdocs\yii\framework\web\CController.php(265): SiteController->runActionWithFilters()
#7 C:\xampp\htdocs\yii\framework\web\CWebApplication.php(282): SiteController->run()
#8 C:\xampp\htdocs\yii\framework\web\CWebApplication.php(141): CWebApplication->runController()
#9 C:\xampp\htdocs\yii\framework\base\CApplication.php(185): CWebApplication->processRequest()
#10 C:\xampp\htdocs\testK24\index.php(13): CWebApplication->run()
REQUEST_URI=/testK24/index.php?r=site/page&view=forms
in C:\xampp\htdocs\testK24\themes\new\views\site\pages\forms.php (19)
in C:\xampp\htdocs\testK24\index.php (13)
2016/12/16 08:46:36 [error] [php] Undefined variable: model (C:\xampp\htdocs\testK24\themes\new\views\site\pages\forms.php:19)
Stack trace:
#0 C:\xampp\htdocs\yii\framework\web\CController.php(869): SiteController->renderFile()
#1 C:\xampp\htdocs\yii\framework\web\CController.php(782): SiteController->renderPartial()
#2 C:\xampp\htdocs\yii\framework\web\actions\CViewAction.php(140): SiteController->render()
#3 C:\xampp\htdocs\yii\framework\web\actions\CAction.php(76): CViewAction->run()
#4 C:\xampp\htdocs\yii\framework\web\CController.php(308): CViewAction->runWithParams()
#5 C:\xampp\htdocs\yii\framework\web\CController.php(286): SiteController->runAction()
#6 C:\xampp\htdocs\yii\framework\web\CController.php(265): SiteController->runActionWithFilters()
#7 C:\xampp\htdocs\yii\framework\web\CWebApplication.php(282): SiteController->run()
#8 C:\xampp\htdocs\yii\framework\web\CWebApplication.php(141): CWebApplication->runController()
#9 C:\xampp\htdocs\yii\framework\base\CApplication.php(185): CWebApplication->processRequest()
#10 C:\xampp\htdocs\testK24\index.php(13): CWebApplication->run()
REQUEST_URI=/testK24/index.php?r=site/page&view=forms
in C:\xampp\htdocs\testK24\themes\new\views\site\pages\forms.php (19)
in C:\xampp\htdocs\testK24\index.php (13)
2016/12/16 08:46:59 [error] [php] Undefined variable: model (C:\xampp\htdocs\testK24\themes\new\views\site\pages\forms.php:24)
Stack trace:
#0 C:\xampp\htdocs\yii\framework\web\CController.php(869): SiteController->renderFile()
#1 C:\xampp\htdocs\yii\framework\web\CController.php(782): SiteController->renderPartial()
#2 C:\xampp\htdocs\yii\framework\web\actions\CViewAction.php(140): SiteController->render()
#3 C:\xampp\htdocs\yii\framework\web\actions\CAction.php(76): CViewAction->run()
#4 C:\xampp\htdocs\yii\framework\web\CController.php(308): CViewAction->runWithParams()
#5 C:\xampp\htdocs\yii\framework\web\CController.php(286): SiteController->runAction()
#6 C:\xampp\htdocs\yii\framework\web\CController.php(265): SiteController->runActionWithFilters()
#7 C:\xampp\htdocs\yii\framework\web\CWebApplication.php(282): SiteController->run()
#8 C:\xampp\htdocs\yii\framework\web\CWebApplication.php(141): CWebApplication->runController()
#9 C:\xampp\htdocs\yii\framework\base\CApplication.php(185): CWebApplication->processRequest()
#10 C:\xampp\htdocs\testK24\index.php(13): CWebApplication->run()
REQUEST_URI=/testK24/index.php?r=site/page&view=forms
in C:\xampp\htdocs\testK24\themes\new\views\site\pages\forms.php (24)
in C:\xampp\htdocs\testK24\index.php (13)
2016/12/16 08:49:10 [error] [exception.CHttpException.404] exception 'CHttpException' with message 'Unable to resolve the request "Member/memberForm".' in C:\xampp\htdocs\yii\framework\web\CWebApplication.php:286
Stack trace:
#0 C:\xampp\htdocs\yii\framework\web\CWebApplication.php(141): CWebApplication->runController('Member/memberFo...')
#1 C:\xampp\htdocs\yii\framework\base\CApplication.php(185): CWebApplication->processRequest()
#2 C:\xampp\htdocs\testK24\index.php(13): CApplication->run()
#3 {main}
REQUEST_URI=/testK24/index.php?r=Member/memberForm
HTTP_REFERER=http://localhost:8080/testK24/index.php?r=site/page&view=forms
---
2016/12/16 08:56:24 [error] [exception.CHttpException.404] exception 'CHttpException' with message 'Unable to resolve the request "memberController/View".' in C:\xampp\htdocs\yii\framework\web\CWebApplication.php:286
Stack trace:
#0 C:\xampp\htdocs\yii\framework\web\CWebApplication.php(141): CWebApplication->runController('memberControlle...')
#1 C:\xampp\htdocs\yii\framework\base\CApplication.php(185): CWebApplication->processRequest()
#2 C:\xampp\htdocs\testK24\index.php(13): CApplication->run()
#3 {main}
REQUEST_URI=/testK24/Index.php?r=memberController/View
HTTP_REFERER=http://localhost:8080/testK24/index.php?r=site/index
---
